{
  "stats": {
    "suites": 3,
    "tests": 14,
    "passes": 14,
    "pending": 0,
    "failures": 0,
    "start": "2024-01-11T17:13:47.343Z",
    "end": "2024-01-11T17:13:50.769Z",
    "duration": 3426,
    "testsRegistered": 14,
    "passPercent": 100,
    "pendingPercent": 0,
    "other": 0,
    "hasOther": false,
    "skipped": 0,
    "hasSkipped": false
  },
  "results": [
    {
      "uuid": "347a9442-79f1-4882-93c4-d32523f9d788",
      "title": "",
      "fullFile": "",
      "file": "",
      "beforeHooks": [],
      "afterHooks": [
        {
          "title": "\"after each\" hook in \"{root}\"",
          "fullTitle": "\"after each\" hook in \"{root}\"",
          "timedOut": false,
          "duration": 0,
          "state": null,
          "speed": null,
          "pass": false,
          "fail": false,
          "pending": false,
          "context": null,
          "code": "checkForUnfulfilledExpectations.call(this);\nrecordedExpects = [];",
          "err": {},
          "uuid": "a56f37d2-6aab-46ba-b8be-eb0d23e847f2",
          "parentUUID": "347a9442-79f1-4882-93c4-d32523f9d788",
          "isHook": true,
          "skipped": false
        }
      ],
      "tests": [],
      "suites": [
        {
          "uuid": "13bcc3ff-e9c1-4130-97c0-09aee86b957f",
          "title": "Order Module",
          "fullFile": "/Users/gunesgulay/Desktop/TECHCAREER-PROJELER/Peststore-Api-Automation/tests/orderTests.js",
          "file": "/tests/orderTests.js",
          "beforeHooks": [],
          "afterHooks": [],
          "tests": [
            {
              "title": "POST - CreateOrder",
              "fullTitle": "Order Module POST - CreateOrder",
              "timedOut": false,
              "duration": 684,
              "state": "passed",
              "speed": "slow",
              "pass": true,
              "fail": false,
              "pending": false,
              "context": null,
              "code": "const resBody = {\n    \"id\": 8,\n    \"petId\": 30,\n    \"quantity\": 1,\n    \"shipDate\": \"2023-12-28T13:49:55.746+0000\",\n    \"status\": \"placed\",\n    \"complete\": true\n};\n  \nconst body = {\n    \"id\": 8,\n    \"petId\": 30,\n    \"quantity\": 1,\n    \"shipDate\": \"2023-12-28T13:49:55.746Z\",\n    \"status\": \"placed\",\n    \"complete\": true\n};\n  \nconst response = chakram.post(\"https://petstore.swagger.io/v2/store/order\", body);\nexpect(response).to.have.status(200);\nexpect(response).to.comprise.of.json(resBody); \nexpect(response).to.have.header('content-type', 'application/json'); \nreturn chakram.wait();",
              "err": {},
              "uuid": "2eea23fa-a5a8-4455-a576-ce15e3ecc587",
              "parentUUID": "13bcc3ff-e9c1-4130-97c0-09aee86b957f",
              "isHook": false,
              "skipped": false
            },
            {
              "title": "GET - GetOrderInfo",
              "fullTitle": "Order Module GET - GetOrderInfo",
              "timedOut": false,
              "duration": 849,
              "state": "passed",
              "speed": "slow",
              "pass": true,
              "fail": false,
              "pending": false,
              "context": null,
              "code": "const resBody = {\n    \"id\": 8,\n    \"petId\": 30,\n    \"quantity\": 1,\n    \"shipDate\": \"2023-12-28T13:49:55.746+0000\",\n    \"status\": \"placed\",\n    \"complete\": true\n };\n const response = chakram.get(\"https://petstore.swagger.io/v2/store/order/8\");\n expect(response).to.have.status(200);\n expect(response).to.comprise.of.json(resBody);\n expect(response).to.have.header('content-type', 'application/json'); \n return chakram.wait();",
              "err": {},
              "uuid": "3f7cbbd5-fb1b-4aae-8739-57b9c2e79ada",
              "parentUUID": "13bcc3ff-e9c1-4130-97c0-09aee86b957f",
              "isHook": false,
              "skipped": false
            },
            {
              "title": "DELETE - DeleteOrder",
              "fullTitle": "Order Module DELETE - DeleteOrder",
              "timedOut": false,
              "duration": 158,
              "state": "passed",
              "speed": "slow",
              "pass": true,
              "fail": false,
              "pending": false,
              "context": null,
              "code": "const resBody = {\n    \"code\": 200,\n    \"type\": \"unknown\",\n    \"message\": \"8\"\n };\n const response = chakram.delete(\"https://petstore.swagger.io/v2/store/order/8\");\n expect(response).to.have.status(200);\n expect(response).to.comprise.of.json(resBody); \n expect(response).to.have.header('content-type', 'application/json'); \n return chakram.wait();",
              "err": {},
              "uuid": "52cf25f3-f919-4667-8f4d-c119901c0f84",
              "parentUUID": "13bcc3ff-e9c1-4130-97c0-09aee86b957f",
              "isHook": false,
              "skipped": false
            },
            {
              "title": "GET - GetOrderInfo Deleted Order ",
              "fullTitle": "Order Module GET - GetOrderInfo Deleted Order ",
              "timedOut": false,
              "duration": 156,
              "state": "passed",
              "speed": "slow",
              "pass": true,
              "fail": false,
              "pending": false,
              "context": null,
              "code": "const resBody = {\n    \"code\": 1,\n    \"type\": \"error\",\n    \"message\": \"Order not found\"\n };\n const response = chakram.get(\"https://petstore.swagger.io/v2/store/order/8\");\n expect(response).to.have.status(404);\n expect(response).to.comprise.of.json(resBody); \n expect(response).to.have.header('content-type', 'application/json'); \n return chakram.wait();",
              "err": {},
              "uuid": "a5fcd21b-fbd1-469a-9918-008a7f2516ca",
              "parentUUID": "13bcc3ff-e9c1-4130-97c0-09aee86b957f",
              "isHook": false,
              "skipped": false
            }
          ],
          "suites": [],
          "passes": [
            "2eea23fa-a5a8-4455-a576-ce15e3ecc587",
            "3f7cbbd5-fb1b-4aae-8739-57b9c2e79ada",
            "52cf25f3-f919-4667-8f4d-c119901c0f84",
            "a5fcd21b-fbd1-469a-9918-008a7f2516ca"
          ],
          "failures": [],
          "pending": [],
          "skipped": [],
          "duration": 1847,
          "root": false,
          "rootEmpty": false,
          "_timeout": 90000
        },
        {
          "uuid": "cc873b43-ff41-4996-aee7-20babea253be",
          "title": "Pet Module",
          "fullFile": "/Users/gunesgulay/Desktop/TECHCAREER-PROJELER/Peststore-Api-Automation/tests/petTests.js",
          "file": "/tests/petTests.js",
          "beforeHooks": [],
          "afterHooks": [],
          "tests": [
            {
              "title": "GET - GetPetInfo",
              "fullTitle": "Pet Module GET - GetPetInfo",
              "timedOut": false,
              "duration": 155,
              "state": "passed",
              "speed": "slow",
              "pass": true,
              "fail": false,
              "pending": false,
              "context": null,
              "code": "const resBody = {\n    \"id\": 30,\n    \"category\": {\n    \"id\": 50,\n    \"name\": \"reptiles\"\n    },\n    \"name\": \"gecko\",\n    \"photoUrls\": [\n    \"https://example.com/reptiles.jpg\"\n    ],\n    \"tags\": [\n    {\n        \"id\": 3,\n        \"name\": \"cute\"\n    }\n    ],\n    \"status\": \"available\"\n};\nconst response = chakram.get(\"https://petstore.swagger.io/v2/pet/30\");\nexpect(response).to.have.status(200);\nexpect(response).to.comprise.of.json(resBody);\nexpect(response).to.have.header('content-type', 'application/json'); \nreturn chakram.wait();",
              "err": {},
              "uuid": "814c95ff-3e4c-41fc-a8f9-8014dbb72f27",
              "parentUUID": "cc873b43-ff41-4996-aee7-20babea253be",
              "isHook": false,
              "skipped": false
            },
            {
              "title": "PUT - UpdatePet",
              "fullTitle": "Pet Module PUT - UpdatePet",
              "timedOut": false,
              "duration": 154,
              "state": "passed",
              "speed": "slow",
              "pass": true,
              "fail": false,
              "pending": false,
              "context": null,
              "code": "const resBody = {\n    \"code\": 405,\n    \"type\": \"unknown\"\n};\nconst body = {\n    \"id\": 20,\n    \"category\": {\n    \"id\": 4,\n    \"name\": \"Cats\"\n    },\n    \"name\": \"Scottish\",\n    \"photoUrls\": [\n    \"https://example.com/updated-photo.jpg\"\n    ],\n    \"tags\": [\n    {\n    \"id\": 7,\n    \"name\": \"Updated Tag\"\n    }\n    ],\n    \"status\": \"available\"\n};\nconst response = chakram.put(\"https://petstore.swagger.io/v2/pet/70\", body);\nexpect(response).to.have.status(405);\nexpect(response).to.comprise.of.json(resBody); \nexpect(response).to.have.header('content-type', 'application/json'); \nreturn chakram.wait();",
              "err": {},
              "uuid": "6e7fca73-9afa-47ed-a57b-0e749db539ea",
              "parentUUID": "cc873b43-ff41-4996-aee7-20babea253be",
              "isHook": false,
              "skipped": false
            },
            {
              "title": "DELETE - DeletePet",
              "fullTitle": "Pet Module DELETE - DeletePet",
              "timedOut": false,
              "duration": 156,
              "state": "passed",
              "speed": "slow",
              "pass": true,
              "fail": false,
              "pending": false,
              "context": null,
              "code": "const resBody = {\n    \"code\": 200,\n    \"type\": \"unknown\",\n    \"message\": \"30\"\n };\n const response = chakram.delete(\"https://petstore.swagger.io/v2/pet/30\");\n expect(response).to.have.status(200);\n expect(response).to.comprise.of.json(resBody); \n expect(response).to.have.header('content-type', 'application/json'); \n return chakram.wait();",
              "err": {},
              "uuid": "25e0169c-59aa-48e1-bda3-55ac01c6ffe7",
              "parentUUID": "cc873b43-ff41-4996-aee7-20babea253be",
              "isHook": false,
              "skipped": false
            },
            {
              "title": "GET - GetPetInfo Deleted Pet",
              "fullTitle": "Pet Module GET - GetPetInfo Deleted Pet",
              "timedOut": false,
              "duration": 155,
              "state": "passed",
              "speed": "slow",
              "pass": true,
              "fail": false,
              "pending": false,
              "context": null,
              "code": "const resBody = {\n    \"code\": 1,\n    \"type\": \"error\",\n    \"message\": \"Pet not found\"\n };\n const response = chakram.get(\"https://petstore.swagger.io/v2/pet/30\");\n expect(response).to.have.status(404);\n expect(response).to.comprise.of.json(resBody); \n expect(response).to.have.header('content-type', 'application/json'); \n return chakram.wait();",
              "err": {},
              "uuid": "13d3c796-6cf5-4b01-848f-750fbd815272",
              "parentUUID": "cc873b43-ff41-4996-aee7-20babea253be",
              "isHook": false,
              "skipped": false
            },
            {
              "title": "POST - CreatePet",
              "fullTitle": "Pet Module POST - CreatePet",
              "timedOut": false,
              "duration": 159,
              "state": "passed",
              "speed": "slow",
              "pass": true,
              "fail": false,
              "pending": false,
              "context": null,
              "code": "const resBody = {\n    \"id\": 30,\n    \"category\": {\n    \"id\": 50,\n    \"name\": \"reptiles\"\n    },\n    \"name\": \"gecko\",\n    \"photoUrls\": [\"https://example.com/reptiles.jpg\"  \n    ],\n    \"tags\": [\n    {\n     \"id\": 3,\n     \"name\": \"cute\"\n    }\n    ],\n    \"status\": \"available\"\n };\nconst body = {\n    \"id\": 30,\n    \"category\": {\n    \"id\": 50,\n    \"name\": \"reptiles\"\n    },\n    \"name\": \"gecko\",\n    \"photoUrls\": [\"https://example.com/reptiles.jpg\"  \n    ],\n    \"tags\": [\n    {\n     \"id\": 3,\n     \"name\": \"cute\"\n    }\n    ],\n    \"status\": \"available\"\n };\n const response = chakram.post(\"https://petstore.swagger.io/v2/pet\", body);\n expect(response).to.have.status(200);\n expect(response).to.comprise.of.json(resBody); \n expect(response).to.have.header('content-type', 'application/json'); \n return chakram.wait();",
              "err": {},
              "uuid": "70a95e3c-5335-4814-a6c8-4212258ac46c",
              "parentUUID": "cc873b43-ff41-4996-aee7-20babea253be",
              "isHook": false,
              "skipped": false
            }
          ],
          "suites": [],
          "passes": [
            "814c95ff-3e4c-41fc-a8f9-8014dbb72f27",
            "6e7fca73-9afa-47ed-a57b-0e749db539ea",
            "25e0169c-59aa-48e1-bda3-55ac01c6ffe7",
            "13d3c796-6cf5-4b01-848f-750fbd815272",
            "70a95e3c-5335-4814-a6c8-4212258ac46c"
          ],
          "failures": [],
          "pending": [],
          "skipped": [],
          "duration": 779,
          "root": false,
          "rootEmpty": false,
          "_timeout": 90000
        },
        {
          "uuid": "ae440106-8ad4-4b8f-9ea9-6bde18d2d7bf",
          "title": "User Module",
          "fullFile": "/Users/gunesgulay/Desktop/TECHCAREER-PROJELER/Peststore-Api-Automation/tests/userTests.js",
          "file": "/tests/userTests.js",
          "beforeHooks": [],
          "afterHooks": [],
          "tests": [
            {
              "title": "GET - GetUserInfo",
              "fullTitle": "User Module GET - GetUserInfo",
              "timedOut": false,
              "duration": 158,
              "state": "passed",
              "speed": "slow",
              "pass": true,
              "fail": false,
              "pending": false,
              "context": null,
              "code": "const resBody = {\n    \"id\": 7448,\n    \"username\": \"test89\",\n    \"firstName\": \"ali\",\n    \"lastName\": \"ulker\",\n    \"email\": \"ali@gmail.com\",\n    \"password\": \"09876\",\n    \"phone\": \"4628692748\",\n    \"userStatus\": 0\n }\n const response = chakram.get(\"https://petstore.swagger.io/v2/user/test89\");\n expect(response).to.have.status(200);\n expect(response).to.comprise.of.json(resBody);\n expect(response).to.have.header('content-type', 'application/json'); \n return chakram.wait();",
              "err": {},
              "uuid": "3f020267-33a4-418d-8bc3-48b338bc72c7",
              "parentUUID": "ae440106-8ad4-4b8f-9ea9-6bde18d2d7bf",
              "isHook": false,
              "skipped": false
            },
            {
              "title": "DELETE - DeleteUser",
              "fullTitle": "User Module DELETE - DeleteUser",
              "timedOut": false,
              "duration": 156,
              "state": "passed",
              "speed": "slow",
              "pass": true,
              "fail": false,
              "pending": false,
              "context": null,
              "code": "const resBody = {\n    \"code\": 200,\n    \"type\": \"unknown\",\n    \"message\": \"test89\"\n };\n const response = chakram.delete(\"https://petstore.swagger.io/v2/user/test89\");\n expect(response).to.have.status(200);\n expect(response).to.comprise.of.json(resBody); \n expect(response).to.have.header('content-type', 'application/json'); \n return chakram.wait();",
              "err": {},
              "uuid": "e6ae8ce2-31f6-47a7-86f2-96a645226eed",
              "parentUUID": "ae440106-8ad4-4b8f-9ea9-6bde18d2d7bf",
              "isHook": false,
              "skipped": false
            },
            {
              "title": "GET - GetUserInfo Invalid User",
              "fullTitle": "User Module GET - GetUserInfo Invalid User",
              "timedOut": false,
              "duration": 157,
              "state": "passed",
              "speed": "slow",
              "pass": true,
              "fail": false,
              "pending": false,
              "context": null,
              "code": "const resBody = {\n    \"code\": 1,\n    \"type\": \"error\",\n    \"message\": \"User not found\"\n };\n const response = chakram.get(\"https://petstore.swagger.io/v2/user/test89\");\n expect(response).to.have.status(404);\n expect(response).to.comprise.of.json(resBody); \n expect(response).to.have.header('content-type', 'application/json'); \n return chakram.wait();",
              "err": {},
              "uuid": "27e312fc-e578-4647-8b12-ce3b815c2a07",
              "parentUUID": "ae440106-8ad4-4b8f-9ea9-6bde18d2d7bf",
              "isHook": false,
              "skipped": false
            },
            {
              "title": "POST - CreateUser",
              "fullTitle": "User Module POST - CreateUser",
              "timedOut": false,
              "duration": 156,
              "state": "passed",
              "speed": "slow",
              "pass": true,
              "fail": false,
              "pending": false,
              "context": null,
              "code": "const resBody = {\n    \"code\": 200,\n    \"type\": \"unknown\",\n    \"message\": \"7448\"\n };\n const body = {\n     \"id\": 7448,\n     \"username\": \"test89\",\n     \"firstName\": \"ali\",\n     \"lastName\": \"ulker\",\n     \"email\": \"ali@gmail.com\",\n     \"password\": \"09876\",\n     \"phone\": \"4628692748\",\n     \"userStatus\": 0\n };\n const response = chakram.post(\"https://petstore.swagger.io/v2/user\", body);\n expect(response).to.have.status(200);\n expect(response).to.comprise.of.json(resBody); \n expect(response).to.have.header('content-type', 'application/json'); \n return chakram.wait();",
              "err": {},
              "uuid": "4b7e4467-cd78-4107-9d25-79e65723e7c5",
              "parentUUID": "ae440106-8ad4-4b8f-9ea9-6bde18d2d7bf",
              "isHook": false,
              "skipped": false
            },
            {
              "title": "PUT - UpdateUser",
              "fullTitle": "User Module PUT - UpdateUser",
              "timedOut": false,
              "duration": 156,
              "state": "passed",
              "speed": "slow",
              "pass": true,
              "fail": false,
              "pending": false,
              "context": null,
              "code": "const resBody = {\n    \"code\": 200,\n    \"type\": \"unknown\",\n    \"message\": \"1004\"\n };\n const body = {\n     \"id\": 1004,\n     \"username\": \"test12345\",\n     \"firstName\": \"ahmet\",\n     \"lastName\": \"yılmaz\",\n     \"email\": \"test@gmail.com\",\n     \"password\": \"7890\",\n     \"phone\": \"4789364736\",\n     \"userStatus\": 0\n }\n const response = chakram.put(\"https://petstore.swagger.io/v2/user/test123\", body);\n expect(response).to.have.status(200);\n expect(response).to.comprise.of.json(resBody); \n expect(response).to.have.header('content-type', 'application/json'); \n return chakram.wait();",
              "err": {},
              "uuid": "cfce5250-ae13-4f6a-9df4-27b2be4b033c",
              "parentUUID": "ae440106-8ad4-4b8f-9ea9-6bde18d2d7bf",
              "isHook": false,
              "skipped": false
            }
          ],
          "suites": [],
          "passes": [
            "3f020267-33a4-418d-8bc3-48b338bc72c7",
            "e6ae8ce2-31f6-47a7-86f2-96a645226eed",
            "27e312fc-e578-4647-8b12-ce3b815c2a07",
            "4b7e4467-cd78-4107-9d25-79e65723e7c5",
            "cfce5250-ae13-4f6a-9df4-27b2be4b033c"
          ],
          "failures": [],
          "pending": [],
          "skipped": [],
          "duration": 783,
          "root": false,
          "rootEmpty": false,
          "_timeout": 90000
        }
      ],
      "passes": [],
      "failures": [],
      "pending": [],
      "skipped": [],
      "duration": 0,
      "root": true,
      "rootEmpty": true,
      "_timeout": 90000
    }
  ],
  "meta": {
    "mocha": {
      "version": "10.2.0"
    },
    "mochawesome": {
      "options": {
        "quiet": false,
        "reportFilename": "mochawesome",
        "saveHtml": true,
        "saveJson": true,
        "consoleReporter": "spec",
        "useInlineDiffs": false,
        "code": true
      },
      "version": "7.1.3"
    },
    "marge": {
      "options": null,
      "version": "6.2.0"
    }
  }
}